<?xml version="1.0" encoding="UTF-8"?>
<!-- Generated by org.testng.reporters.JUnitXMLReporter -->
<testsuite hostname="cal-fatma" ignored="0" name="Default test" tests="2" failures="0" timestamp="2021-02-04T18:28:40 EET" time="8.584" errors="0">
  <testcase name="checkTheResponceWhenSendInvalidData" time="3.717" classname="countryAPI.countriesAPIs"/>
  <testcase name="extractCapitalNameFromResponseBodyAndSendItToAnotherAPI" time="3.815" classname="countryAPI.countriesAPIs"/>
</testsuite> <!-- Default test -->
